<?xml version="1.0" encoding="UTF-8"?>
<!-- Generated by org.testng.reporters.JUnitXMLReporter -->
<testsuite hostname="DESKTOP-4MLAL6E" ignored="2" name="Android Mobile" tests="2" failures="0" timestamp="2020-05-10T17:39:37 IST" time="112.527" errors="0">
  <testcase name="Test_LoginTest_" time="51.076" classname="com.automation.testscripts.Test_LoginTest"/>
  <testcase name="Test_SignUpPage_" time="45.935" classname="com.automation.testscripts.Test_SignUpPage"/>
  <testcase name="@AfterTest stopAppiumServer" time="0.0" classname="com.automation.baseclass.BaseClass">
    <ignored/>
  </testcase> <!-- @AfterTest stopAppiumServer -->
  <testcase name="@BeforeTest startAppoumserver" time="0.0" classname="com.automation.baseclass.BaseClass">
    <ignored/>
  </testcase> <!-- @BeforeTest startAppoumserver -->
</testsuite> <!-- Android Mobile -->
