<?xml version="1.0" encoding="UTF-8"?>
<!-- Generated by org.testng.reporters.JUnitXMLReporter -->
<testsuite hostname="DESKTOP-4MLAL6E" ignored="4" name="Android" tests="3" failures="0" timestamp="2020-05-11T04:53:18 IST" time="0.043" errors="0">
  <testcase name="@BeforeClass setup" time="0.002" classname="com.automation.baseclass.BaseClass">
    <failure type="java.lang.NullPointerException">
      <![CDATA[java.lang.NullPointerException
at com.automation.baseclass.BaseClass.setup(BaseClass.java:98)
at java.util.ArrayList.forEach(Unknown Source)
... Removed 25 stack frames]]>
    </failure>
  </testcase> <!-- @BeforeClass setup -->
  <testcase name="@AfterMethod takeScreenShotOnFailure" time="-1.589152998928E9" classname="com.automation.baseclass.BaseClass">
    <skipped/>
  </testcase> <!-- @AfterMethod takeScreenShotOnFailure -->
  <testcase name="@BeforeClass setup" time="0.016" classname="com.automation.baseclass.BaseClass">
    <failure type="java.lang.NullPointerException">
      <![CDATA[java.lang.NullPointerException
at com.automation.baseclass.BaseClass.setup(BaseClass.java:98)
at java.util.ArrayList.forEach(Unknown Source)
... Removed 25 stack frames]]>
    </failure>
  </testcase> <!-- @BeforeClass setup -->
  <testcase name="@AfterMethod takeScreenShotOnFailure" time="-1.589152998944E9" classname="com.automation.baseclass.BaseClass">
    <skipped/>
  </testcase> <!-- @AfterMethod takeScreenShotOnFailure -->
  <testcase name="@BeforeClass setup" time="0.016" classname="com.automation.baseclass.BaseClass">
    <failure type="java.lang.NullPointerException">
      <![CDATA[java.lang.NullPointerException
at com.automation.baseclass.BaseClass.setup(BaseClass.java:98)
at java.util.ArrayList.forEach(Unknown Source)
... Removed 25 stack frames]]>
    </failure>
  </testcase> <!-- @BeforeClass setup -->
  <testcase name="@AfterMethod takeScreenShotOnFailure" time="-1.58915299896E9" classname="com.automation.baseclass.BaseClass">
    <skipped/>
  </testcase> <!-- @AfterMethod takeScreenShotOnFailure -->
  <testcase name="Test_RegisteringLSAT_" time="0.0" classname="com.automation.testscripts.Test_RegisteringLSAT">
    <skipped/>
  </testcase> <!-- Test_RegisteringLSAT_ -->
  <testcase name="Test_SignUpPage_" time="0.0" classname="com.automation.testscripts.Test_SignUpPage">
    <skipped/>
  </testcase> <!-- Test_SignUpPage_ -->
  <testcase name="Test_LoginTest_" time="0.0" classname="com.automation.testscripts.Test_LoginTest">
    <skipped/>
  </testcase> <!-- Test_LoginTest_ -->
  <testcase name="@AfterTest stopAppiumServer" time="0.0" classname="com.automation.baseclass.BaseClass">
    <ignored/>
  </testcase> <!-- @AfterTest stopAppiumServer -->
  <testcase name="@AfterTest stopAppiumServer" time="0.0" classname="com.automation.baseclass.BaseClass">
    <ignored/>
  </testcase> <!-- @AfterTest stopAppiumServer -->
  <testcase name="@BeforeTest startAppoumserver" time="0.0" classname="com.automation.baseclass.BaseClass">
    <ignored/>
  </testcase> <!-- @BeforeTest startAppoumserver -->
  <testcase name="@BeforeTest startAppoumserver" time="0.0" classname="com.automation.baseclass.BaseClass">
    <ignored/>
  </testcase> <!-- @BeforeTest startAppoumserver -->
</testsuite> <!-- Android -->
