<?xml version="1.0" encoding="UTF-8"?>
<!-- Generated by org.testng.reporters.JUnitXMLReporter -->
<testsuite hostname="DESKTOP-4MLAL6E" ignored="4" name="Desjtop" tests="3" failures="0" timestamp="2020-05-11T04:53:18 IST" time="118.448" errors="0">
  <testcase name="Test_RegisteringLSAT_" time="42.448" classname="com.automation.testscripts.Test_RegisteringLSAT"/>
  <testcase name="Test_SignUpPage_" time="30.617" classname="com.automation.testscripts.Test_SignUpPage"/>
  <testcase name="Test_LoginTest_" time="0.0" classname="com.automation.testscripts.Test_LoginTest">
    <skipped/>
  </testcase> <!-- Test_LoginTest_ -->
  <testcase name="@AfterTest stopAppiumServer" time="0.0" classname="com.automation.baseclass.BaseClass">
    <ignored/>
  </testcase> <!-- @AfterTest stopAppiumServer -->
  <testcase name="@AfterTest stopAppiumServer" time="0.0" classname="com.automation.baseclass.BaseClass">
    <ignored/>
  </testcase> <!-- @AfterTest stopAppiumServer -->
  <testcase name="@BeforeTest startAppoumserver" time="0.0" classname="com.automation.baseclass.BaseClass">
    <ignored/>
  </testcase> <!-- @BeforeTest startAppoumserver -->
  <testcase name="@BeforeTest startAppoumserver" time="0.0" classname="com.automation.baseclass.BaseClass">
    <ignored/>
  </testcase> <!-- @BeforeTest startAppoumserver -->
</testsuite> <!-- Desjtop -->
